<?xml version="1.0" encoding="utf-8"?><testsuites name="pytest tests"><testsuite name="pytest" errors="0" failures="0" skipped="0" tests="20" time="22.618" timestamp="2026-04-25T19:36:49.659236+00:00" hostname="agent-env-5007d8eb-0493-4f7b-9b9f-5062182ec7d6"><testcase classname="backend.tests.backend_test.TestCampuses" name="test_list_campuses_returns_17_with_theme" time="0.161" /><testcase classname="backend.tests.backend_test.TestCampuses" name="test_campus_specific_theme_colors" time="0.049" /><testcase classname="backend.tests.backend_test.TestRegister" name="test_register_success_returns_token_and_user" time="0.277" /><testcase classname="backend.tests.backend_test.TestRegister" name="test_register_duplicate_email_returns_409" time="0.323" /><testcase classname="backend.tests.backend_test.TestRegister" name="test_register_duplicate_username_returns_409" time="0.321" /><testcase classname="backend.tests.backend_test.TestRegister" name="test_register_weak_password_rejected" time="0.046" /><testcase classname="backend.tests.backend_test.TestRegister" name="test_register_bad_email_rejected" time="0.045" /><testcase classname="backend.tests.backend_test.TestLogin" name="test_login_success" time="0.547" /><testcase classname="backend.tests.backend_test.TestLogin" name="test_login_wrong_password_returns_401" time="0.540" /><testcase classname="backend.tests.backend_test.TestLogin" name="test_brute_force_locks_after_threshold" time="1.142" /><testcase classname="backend.tests.backend_test.TestMe" name="test_me_with_valid_bearer" time="0.324" /><testcase classname="backend.tests.backend_test.TestMe" name="test_me_without_token_401" time="0.046" /><testcase classname="backend.tests.backend_test.TestMe" name="test_me_with_bad_token_401" time="0.046" /><testcase classname="backend.tests.backend_test.TestChat" name="test_chat_requires_auth" time="0.049" /><testcase classname="backend.tests.backend_test.TestChat" name="test_chat_success_returns_answer_and_sources" time="8.750" /><testcase classname="backend.tests.backend_test.TestChat" name="test_chat_cross_campus_redirect_to_hunter" time="9.172" /><testcase classname="backend.tests.backend_test.TestHistory" name="test_history_requires_auth" time="0.050" /><testcase classname="backend.tests.backend_test.TestHistory" name="test_history_scoped_to_user" time="0.054" /><testcase classname="backend.tests.backend_test.TestSavedResources" name="test_saved_requires_auth" time="0.047" /><testcase classname="backend.tests.backend_test.TestSavedResources" name="test_saved_crud_scoped_per_user" time="0.530" /></testsuite></testsuites>