<?xml version="1.0" encoding="utf-8"?><testsuites name="pytest tests"><testsuite name="pytest" errors="0" failures="0" skipped="0" tests="22" time="51.567" timestamp="2026-04-25T19:59:27.439984+00:00" hostname="agent-env-5007d8eb-0493-4f7b-9b9f-5062182ec7d6"><testcase classname="tests.backend_test.TestCampuses" name="test_list_campuses_returns_17_with_theme" time="0.185" /><testcase classname="tests.backend_test.TestCampuses" name="test_campus_specific_theme_colors" time="0.046" /><testcase classname="tests.backend_test.TestRegister" name="test_register_success_returns_token_and_user" time="0.277" /><testcase classname="tests.backend_test.TestRegister" name="test_register_duplicate_email_returns_409" time="0.317" /><testcase classname="tests.backend_test.TestRegister" name="test_register_duplicate_username_returns_409" time="0.330" /><testcase classname="tests.backend_test.TestRegister" name="test_register_weak_password_rejected" time="0.045" /><testcase classname="tests.backend_test.TestRegister" name="test_register_bad_email_rejected" time="0.051" /><testcase classname="tests.backend_test.TestLogin" name="test_login_success" time="0.539" /><testcase classname="tests.backend_test.TestLogin" name="test_login_wrong_password_returns_401" time="0.540" /><testcase classname="tests.backend_test.TestLogin" name="test_brute_force_locks_after_threshold" time="1.137" /><testcase classname="tests.backend_test.TestMe" name="test_me_with_valid_bearer" time="0.322" /><testcase classname="tests.backend_test.TestMe" name="test_me_without_token_401" time="0.045" /><testcase classname="tests.backend_test.TestMe" name="test_me_with_bad_token_401" time="0.155" /><testcase classname="tests.backend_test.TestChat" name="test_chat_guest_no_bearer_returns_200" time="12.937" /><testcase classname="tests.backend_test.TestChat" name="test_chat_invalid_bearer_treated_as_guest" time="7.745" /><testcase classname="tests.backend_test.TestChat" name="test_chat_guest_does_not_persist" time="6.582" /><testcase classname="tests.backend_test.TestChat" name="test_chat_success_returns_answer_and_sources" time="6.032" /><testcase classname="tests.backend_test.TestChat" name="test_chat_cross_campus_redirect_to_hunter" time="13.557" /><testcase classname="tests.backend_test.TestHistory" name="test_history_requires_auth" time="0.049" /><testcase classname="tests.backend_test.TestHistory" name="test_history_scoped_to_user" time="0.047" /><testcase classname="tests.backend_test.TestSavedResources" name="test_saved_requires_auth" time="0.051" /><testcase classname="tests.backend_test.TestSavedResources" name="test_saved_crud_scoped_per_user" time="0.510" /></testsuite></testsuites>